La génération a démarré 01/12/2012 16:50:30.
     1>Projet "C:\Users\MrKim\Documents\GitHub\LogApache\AnaLogs\AnaLogs.vcxproj" sur le nœud 2 (Build cible(s)).
     1>ClCompile:
         C:\Program Files (x86)\Microsoft Visual Studio 11.0\VC\bin\CL.exe /c /ZI /nologo /W3 /WX- /Od /Oy- /D WIN32 /D _DEBUG /D _CONSOLE /D _UNICODE /D UNICODE /Gm /EHsc /RTC1 /MDd /GS /fp:precise /Zc:wchar_t /Zc:forScope /Fo"Debug\\" /Fd"Debug\vc110.pdb" /Gd /TP /analyze- /errorReport:prompt LogApache.cpp Source.cpp cChargement.cpp cJournal.cpp
         cChargement.cpp
     1>c:\users\mrkim\documents\github\logapache\analogs\cjournal.h(89): error C4430: spécificateur de type manquant - int est pris en compte par défaut. Remarque : C++ ne prend pas en charge int par défaut
     1>c:\users\mrkim\documents\github\logapache\analogs\cjournal.h(89): warning C4183: 'cChargement' : type de retour manquant ; fonction membre retournant 'int' prise par défaut
     1>c:\users\mrkim\documents\github\logapache\analogs\cjournal.h(94): error C2523: 'cJournal::~cChargement' : balise destructeur non correcte
     1>c:\users\mrkim\documents\github\logapache\analogs\cjournal.h(94): error C2535: 'cJournal::~cJournal(void)' : fonction membre déjà définie ou déclarée
                 c:\users\mrkim\documents\github\logapache\analogs\cjournal.h(53) : voir la déclaration de 'cJournal::~cJournal'
         Génération de code en cours...
         Compilation en cours...
         LogApache.cpp
     1>c:\users\mrkim\documents\github\logapache\analogs\cjournal.h(89): error C4430: spécificateur de type manquant - int est pris en compte par défaut. Remarque : C++ ne prend pas en charge int par défaut
     1>c:\users\mrkim\documents\github\logapache\analogs\cjournal.h(89): warning C4183: 'cChargement' : type de retour manquant ; fonction membre retournant 'int' prise par défaut
     1>c:\users\mrkim\documents\github\logapache\analogs\cjournal.h(94): error C2523: 'cJournal::~cChargement' : balise destructeur non correcte
     1>c:\users\mrkim\documents\github\logapache\analogs\cjournal.h(94): error C2535: 'cJournal::~cJournal(void)' : fonction membre déjà définie ou déclarée
                 c:\users\mrkim\documents\github\logapache\analogs\cjournal.h(53) : voir la déclaration de 'cJournal::~cJournal'
         Génération de code en cours...
         Compilation en cours...
         Source.cpp
     1>c:\users\mrkim\documents\github\logapache\analogs\cjournal.h(89): error C4430: spécificateur de type manquant - int est pris en compte par défaut. Remarque : C++ ne prend pas en charge int par défaut
     1>c:\users\mrkim\documents\github\logapache\analogs\cjournal.h(89): warning C4183: 'cChargement' : type de retour manquant ; fonction membre retournant 'int' prise par défaut
     1>c:\users\mrkim\documents\github\logapache\analogs\cjournal.h(94): error C2523: 'cJournal::~cChargement' : balise destructeur non correcte
     1>c:\users\mrkim\documents\github\logapache\analogs\cjournal.h(94): error C2535: 'cJournal::~cJournal(void)' : fonction membre déjà définie ou déclarée
                 c:\users\mrkim\documents\github\logapache\analogs\cjournal.h(53) : voir la déclaration de 'cJournal::~cJournal'
         Génération de code en cours...
         Compilation en cours...
         cJournal.cpp
     1>c:\users\mrkim\documents\github\logapache\analogs\cjournal.h(89): error C4430: spécificateur de type manquant - int est pris en compte par défaut. Remarque : C++ ne prend pas en charge int par défaut
     1>c:\users\mrkim\documents\github\logapache\analogs\cjournal.h(89): warning C4183: 'cChargement' : type de retour manquant ; fonction membre retournant 'int' prise par défaut
     1>c:\users\mrkim\documents\github\logapache\analogs\cjournal.h(94): error C2523: 'cJournal::~cChargement' : balise destructeur non correcte
     1>c:\users\mrkim\documents\github\logapache\analogs\cjournal.h(94): error C2535: 'cJournal::~cJournal(void)' : fonction membre déjà définie ou déclarée
                 c:\users\mrkim\documents\github\logapache\analogs\cjournal.h(53) : voir la déclaration de 'cJournal::~cJournal'
         Génération de code en cours...
     1>Génération du projet "C:\Users\MrKim\Documents\GitHub\LogApache\AnaLogs\AnaLogs.vcxproj" terminée (Build cible(s)) -- ÉCHEC.

ÉCHEC de la build.

Temps écoulé 00:00:13.84
